Microsoft (R) Macro Assembler Version 11.00.50727.1	    05/05/16 16:47:45
main.asm						     Page 1 - 1


				; Author:
				; Date:
				; This is the Visual Studio 2012 version

				; Preprocessor directives
				.586		; use the 80586 set of instructions
				.MODEL FLAT	; use the flat memory model (only 32 bit addresses, no segment:offset)

				; External source files
				INCLUDE io.h   ; header file for input/output
			      C ; IO.H -- header file for I/O macros (listing suppressed)
			      C .NOLIST      ; turn off listing
			      C .LIST        ; begin listing
			      C 
				INCLUDE fio.h  ; header file for floating point conversions to and from ASCII
			      C ; FIO.H -- header file for I/O macros (listing suppressed)
			      C .NOLIST      ; turn off listing
			      C .LIST        ; begin listing
			      C 

				; Stack configuration
				.STACK 4096	   ; allocate 4096 bytes for the stack

				; Named memory allocation and initialization
				; Use REAL4 for floating point values
 00000000			.DATA
 00000000 405CCCCD		number				REAL4	3.45
 00000004  0000000C [		numberStr			BYTE	12 DUP (?)
	    00
	   ]

 00000010 2D 30 2E 30 30	anotherNumberStr	BYTE	"-0.004567"
	   34 35 36 37
 00000019 00000000		anotherNumber		REAL4	?

				; procedure definitions
 00000000			.CODE
 00000000			_MainProc PROC

					; test ftoa
					ftoa numberStr, number

					; test atof
					atof anotherNumber, anotherNumberStr

 00000033			done:
 00000033  B8 00000000		        mov     eax, 0  ; exit with return code 0
 00000038  C3			        ret
 00000039			_MainProc ENDP

				END   ; end of source code
Microsoft (R) Macro Assembler Version 11.00.50727.1	    05/05/16 16:47:45
main.asm						     Symbols 2 - 1




Macros:

                N a m e                 Type

atod . . . . . . . . . . . . . .	Proc
atof . . . . . . . . . . . . . .	Proc
atow . . . . . . . . . . . . . .	Proc
dtoa . . . . . . . . . . . . . .	Proc
ftoa . . . . . . . . . . . . . .	Proc
input  . . . . . . . . . . . . .	Proc
output . . . . . . . . . . . . .	Proc
wtoa . . . . . . . . . . . . . .	Proc


Segments and Groups:

                N a m e                 Size     Length   Align   Combine Class

FLAT . . . . . . . . . . . . . .	GROUP
STACK  . . . . . . . . . . . . .	32 Bit	 00001000 Para	  Stack	  'STACK'	 
_DATA  . . . . . . . . . . . . .	32 Bit	 0000001D Para	  Public  'DATA'	
_TEXT  . . . . . . . . . . . . .	32 Bit	 00000039 Para	  Public  'CODE'	


Procedures, parameters, and locals:

                N a m e                 Type     Value    Attr

_MainProc  . . . . . . . . . . .	P Near	 00000000 _TEXT	Length= 00000039 Public
  done . . . . . . . . . . . . .	L Near	 00000033 _TEXT	


Symbols:

                N a m e                 Type     Value    Attr

@CodeSize  . . . . . . . . . . .	Number	 00000000h   
@DataSize  . . . . . . . . . . .	Number	 00000000h   
@Interface . . . . . . . . . . .	Number	 00000000h   
@Model . . . . . . . . . . . . .	Number	 00000007h   
@code  . . . . . . . . . . . . .	Text   	 _TEXT
@data  . . . . . . . . . . . . .	Text   	 FLAT
@fardata?  . . . . . . . . . . .	Text   	 FLAT
@fardata . . . . . . . . . . . .	Text   	 FLAT
@stack . . . . . . . . . . . . .	Text   	 FLAT
_getInput  . . . . . . . . . . .	L Near	 00000000 FLAT	External
_showOutput  . . . . . . . . . .	L Near	 00000000 FLAT	External
anotherNumberStr . . . . . . . .	Byte	 00000010 _DATA	
anotherNumber  . . . . . . . . .	DWord	 00000019 _DATA	
atodproc . . . . . . . . . . . .	L Near	 00000000 FLAT	External
atofproc . . . . . . . . . . . .	L Near	 00000000 FLAT	External
atowproc . . . . . . . . . . . .	L Near	 00000000 FLAT	External
dtoaproc . . . . . . . . . . . .	L Near	 00000000 FLAT	External
ftoaproc . . . . . . . . . . . .	L Near	 00000000 FLAT	External
numberStr  . . . . . . . . . . .	Byte	 00000004 _DATA	
number . . . . . . . . . . . . .	DWord	 00000000 _DATA	
wtoaproc . . . . . . . . . . . .	L Near	 00000000 FLAT	External

	   0 Warnings
	   0 Errors
